This is XeTeX, Version 3.141592653-2.6-0.999993 (TeX Live 2021) (preloaded format=xelatex 2021.4.21)  29 JUL 2025 16:19
entering extended mode
 restricted \write18 enabled.
 file:line:error style messages enabled.
 %&-line parsing enabled.
**/Users/tianshufeng/Documents/GitHub/shot-probability/custom-beamer
(/Users/tianshufeng/Documents/GitHub/shot-probability/custom-beamer.tex
LaTeX2e <2020-10-01> patch level 4
L3 programming layer <2021-02-18>

/Users/tianshufeng/Documents/GitHub/shot-probability/custom-beamer.tex:1: LaTeX Error: Missing \begin{document}.

See the LaTeX manual or LaTeX Companion for explanation.
Type  H <return>  for immediate help.
 ...                                              
                                                  
l.1 $
     passoptions.latex()$
You're in trouble here.  Try typing  <return>  to proceed.
If that doesn't work, type  X <return>  to quit.

LaTeX Font Info:    External font `cmex10' loaded for size
(Font)              <7> on input line 1.
LaTeX Font Info:    External font `cmex10' loaded for size
(Font)              <5> on input line 1.

! LaTeX Error: File `$documentclass$.cls' not found.

Type X to quit or <RETURN> to proceed,
or enter new name. (Default extension: cls)

Enter file name: 
/Users/tianshufeng/Documents/GitHub/shot-probability/custom-beamer.tex:20: Emergency stop.
<read *> 
         
l.20 $
      if(geometry)$^^M
*** (cannot \read from terminal in nonstop modes)

 
Here is how much of TeX's memory you used:
 23 strings out of 476919
 589 string characters out of 5821840
 292912 words of memory out of 5000000
 20124 multiletter control sequences out of 15000+600000
 403430 words of font info for 27 fonts, out of 8000000 for 9000
 1348 hyphenation exceptions out of 8191
 32i,1n,39p,119b,56s stack positions out of 5000i,500n,10000p,200000b,80000s
No pages of output.
